This is pdfTeX, Version 3.1415926-2.5-1.40.14 (TeX Live 2013/Debian) (format=pdflatex 2016.2.22)  7 MAR 2016 18:24
entering extended mode
 restricted \write18 enabled.
 %&-line parsing enabled.
**sensor.tex
(./sensor.tex
LaTeX2e <2011/06/27>
Babel <3.9h> and hyphenation patterns for 4 languages loaded.
(/usr/share/texlive/texmf-dist/tex/latex/base/article.cls
Document Class: article 2007/10/19 v1.4h Standard LaTeX document class
(/usr/share/texlive/texmf-dist/tex/latex/base/size11.clo
File: size11.clo 2007/10/19 v1.4h Standard LaTeX file (size option)
)
\c@part=\count79
\c@section=\count80
\c@subsection=\count81
\c@subsubsection=\count82
\c@paragraph=\count83
\c@subparagraph=\count84
\c@figure=\count85
\c@table=\count86
\abovecaptionskip=\skip41
\belowcaptionskip=\skip42
\bibindent=\dimen102
)
(/usr/share/texlive/texmf-dist/tex/latex/geometry/geometry.sty
Package: geometry 2010/09/12 v5.6 Page Geometry

(/usr/share/texlive/texmf-dist/tex/latex/graphics/keyval.sty
Package: keyval 1999/03/16 v1.13 key=value parser (DPC)
\KV@toks@=\toks14
)
(/usr/share/texlive/texmf-dist/tex/generic/oberdiek/ifpdf.sty
Package: ifpdf 2011/01/30 v2.3 Provides the ifpdf switch (HO)
Package ifpdf Info: pdfTeX in PDF mode is detected.
)
(/usr/share/texlive/texmf-dist/tex/generic/oberdiek/ifvtex.sty
Package: ifvtex 2010/03/01 v1.5 Detect VTeX and its facilities (HO)
Package ifvtex Info: VTeX not detected.
)
(/usr/share/texlive/texmf-dist/tex/generic/ifxetex/ifxetex.sty
Package: ifxetex 2010/09/12 v0.6 Provides ifxetex conditional
)
\Gm@cnth=\count87
\Gm@cntv=\count88
\c@Gm@tempcnt=\count89
\Gm@bindingoffset=\dimen103
\Gm@wd@mp=\dimen104
\Gm@odd@mp=\dimen105
\Gm@even@mp=\dimen106
\Gm@layoutwidth=\dimen107
\Gm@layoutheight=\dimen108
\Gm@layouthoffset=\dimen109
\Gm@layoutvoffset=\dimen110
\Gm@dimlist=\toks15
)
(/usr/share/texlive/texmf-dist/tex/latex/graphics/graphicx.sty
Package: graphicx 1999/02/16 v1.0f Enhanced LaTeX Graphics (DPC,SPQR)

(/usr/share/texlive/texmf-dist/tex/latex/graphics/graphics.sty
Package: graphics 2009/02/05 v1.0o Standard LaTeX Graphics (DPC,SPQR)

(/usr/share/texlive/texmf-dist/tex/latex/graphics/trig.sty
Package: trig 1999/03/16 v1.09 sin cos tan (DPC)
)
(/usr/share/texlive/texmf-dist/tex/latex/latexconfig/graphics.cfg
File: graphics.cfg 2010/04/23 v1.9 graphics configuration of TeX Live
)
Package graphics Info: Driver file: pdftex.def on input line 91.

(/usr/share/texlive/texmf-dist/tex/latex/pdftex-def/pdftex.def
File: pdftex.def 2011/05/27 v0.06d Graphics/color for pdfTeX

(/usr/share/texlive/texmf-dist/tex/generic/oberdiek/infwarerr.sty
Package: infwarerr 2010/04/08 v1.3 Providing info/warning/error messages (HO)
)
(/usr/share/texlive/texmf-dist/tex/generic/oberdiek/ltxcmds.sty
Package: ltxcmds 2011/11/09 v1.22 LaTeX kernel commands for general use (HO)
)
\Gread@gobject=\count90
))
\Gin@req@height=\dimen111
\Gin@req@width=\dimen112
)
(/usr/share/texlive/texmf-dist/tex/latex/amsfonts/amssymb.sty
Package: amssymb 2013/01/14 v3.01 AMS font symbols

(/usr/share/texlive/texmf-dist/tex/latex/amsfonts/amsfonts.sty
Package: amsfonts 2013/01/14 v3.01 Basic AMSFonts support
\@emptytoks=\toks16
\symAMSa=\mathgroup4
\symAMSb=\mathgroup5
LaTeX Font Info:    Overwriting math alphabet `\mathfrak' in version `bold'
(Font)                  U/euf/m/n --> U/euf/b/n on input line 106.
))
(/usr/share/texlive/texmf-dist/tex/latex/upquote/upquote.sty
Package: upquote 2012/04/19 v1.3 upright-quote and grave-accent glyphs in verba
tim
)
(/usr/share/texlive/texmf-dist/tex/latex/caption/subcaption.sty
Package: subcaption 2013/02/03 v1.1-62 Sub-captions (AR)

(/usr/share/texlive/texmf-dist/tex/latex/caption/caption.sty
Package: caption 2013/05/02 v3.3-89 Customizing captions (AR)

(/usr/share/texlive/texmf-dist/tex/latex/caption/caption3.sty
Package: caption3 2013/05/02 v1.6-88 caption3 kernel (AR)
Package caption3 Info: TeX engine: e-TeX on input line 57.
\captionmargin=\dimen113
\captionmargin@=\dimen114
\captionwidth=\dimen115
\caption@tempdima=\dimen116
\caption@indent=\dimen117
\caption@parindent=\dimen118
\caption@hangindent=\dimen119
)
\c@ContinuedFloat=\count91
)
\c@subfigure=\count92
\c@subtable=\count93
)
(/usr/share/texlive/texmf-dist/tex/latex/wrapfig/wrapfig.sty
\wrapoverhang=\dimen120
\WF@size=\dimen121
\c@WF@wrappedlines=\count94
\WF@box=\box26
\WF@everypar=\toks17
Package: wrapfig 2003/01/31  v 3.6
)
(/usr/share/texlive/texmf-dist/tex/latex/lipsum/lipsum.sty
Package: lipsum 2011/04/14 v1.2 150 paragraphs of Lorem Ipsum dummy text
\c@lips@count=\count95
)
(/usr/share/texlive/texmf-dist/tex/latex/float/float.sty
Package: float 2001/11/08 v1.3d Float enhancements (AL)
\c@float@type=\count96
\float@exts=\toks18
\float@box=\box27
\@float@everytoks=\toks19
\@floatcapt=\box28
)
(/usr/share/texlive/texmf-dist/tex/latex/graphics/color.sty
Package: color 2005/11/14 v1.0j Standard LaTeX Color (DPC)

(/usr/share/texlive/texmf-dist/tex/latex/latexconfig/color.cfg
File: color.cfg 2007/01/18 v1.5 color configuration of teTeX/TeXLive
)
Package color Info: Driver file: pdftex.def on input line 130.
)
(/usr/share/texlive/texmf-dist/tex/latex/hyperref/hyperref.sty
Package: hyperref 2012/11/06 v6.83m Hypertext links for LaTeX

(/usr/share/texlive/texmf-dist/tex/generic/oberdiek/hobsub-hyperref.sty
Package: hobsub-hyperref 2012/05/28 v1.13 Bundle oberdiek, subset hyperref (HO)


(/usr/share/texlive/texmf-dist/tex/generic/oberdiek/hobsub-generic.sty
Package: hobsub-generic 2012/05/28 v1.13 Bundle oberdiek, subset generic (HO)
Package: hobsub 2012/05/28 v1.13 Construct package bundles (HO)
Package hobsub Info: Skipping package `infwarerr' (already loaded).
Package hobsub Info: Skipping package `ltxcmds' (already loaded).
Package: ifluatex 2010/03/01 v1.3 Provides the ifluatex switch (HO)
Package ifluatex Info: LuaTeX not detected.
Package hobsub Info: Skipping package `ifvtex' (already loaded).
Package: intcalc 2007/09/27 v1.1 Expandable calculations with integers (HO)
Package hobsub Info: Skipping package `ifpdf' (already loaded).
Package: etexcmds 2011/02/16 v1.5 Avoid name clashes with e-TeX commands (HO)
Package etexcmds Info: Could not find \expanded.
(etexcmds)             That can mean that you are not using pdfTeX 1.50 or
(etexcmds)             that some package has redefined \expanded.
(etexcmds)             In the latter case, load this package earlier.
Package: kvsetkeys 2012/04/25 v1.16 Key value parser (HO)
Package: kvdefinekeys 2011/04/07 v1.3 Define keys (HO)
Package: pdftexcmds 2011/11/29 v0.20 Utility functions of pdfTeX for LuaTeX (HO
)
Package pdftexcmds Info: LuaTeX not detected.
Package pdftexcmds Info: \pdf@primitive is available.
Package pdftexcmds Info: \pdf@ifprimitive is available.
Package pdftexcmds Info: \pdfdraftmode found.
Package: pdfescape 2011/11/25 v1.13 Implements pdfTeX's escape features (HO)
Package: bigintcalc 2012/04/08 v1.3 Expandable calculations on big integers (HO
)
Package: bitset 2011/01/30 v1.1 Handle bit-vector datatype (HO)
Package: uniquecounter 2011/01/30 v1.2 Provide unlimited unique counter (HO)
)
Package hobsub Info: Skipping package `hobsub' (already loaded).
Package: letltxmacro 2010/09/02 v1.4 Let assignment for LaTeX macros (HO)
Package: hopatch 2012/05/28 v1.2 Wrapper for package hooks (HO)
Package: xcolor-patch 2011/01/30 xcolor patch
Package: atveryend 2011/06/30 v1.8 Hooks at the very end of document (HO)
Package atveryend Info: \enddocument detected (standard20110627).
Package: atbegshi 2011/10/05 v1.16 At begin shipout hook (HO)
Package: refcount 2011/10/16 v3.4 Data extraction from label references (HO)
Package: hycolor 2011/01/30 v1.7 Color options for hyperref/bookmark (HO)
)
(/usr/share/texlive/texmf-dist/tex/latex/oberdiek/auxhook.sty
Package: auxhook 2011/03/04 v1.3 Hooks for auxiliary files (HO)
)
(/usr/share/texlive/texmf-dist/tex/latex/oberdiek/kvoptions.sty
Package: kvoptions 2011/06/30 v3.11 Key value format for package options (HO)
)
\@linkdim=\dimen122
\Hy@linkcounter=\count97
\Hy@pagecounter=\count98

(/usr/share/texlive/texmf-dist/tex/latex/hyperref/pd1enc.def
File: pd1enc.def 2012/11/06 v6.83m Hyperref: PDFDocEncoding definition (HO)
)
\Hy@SavedSpaceFactor=\count99

(/usr/share/texlive/texmf-dist/tex/latex/latexconfig/hyperref.cfg
File: hyperref.cfg 2002/06/06 v1.2 hyperref configuration of TeXLive
)
Package hyperref Info: Hyper figures OFF on input line 4443.
Package hyperref Info: Link nesting OFF on input line 4448.
Package hyperref Info: Hyper index ON on input line 4451.
Package hyperref Info: Plain pages OFF on input line 4458.
Package hyperref Info: Backreferencing OFF on input line 4463.
Package hyperref Info: Implicit mode ON; LaTeX internals redefined.
Package hyperref Info: Bookmarks ON on input line 4688.
\c@Hy@tempcnt=\count100

(/usr/share/texlive/texmf-dist/tex/latex/url/url.sty
\Urlmuskip=\muskip10
Package: url 2013/09/16  ver 3.4  Verb mode for urls, etc.
)
LaTeX Info: Redefining \url on input line 5041.
\XeTeXLinkMargin=\dimen123
\Fld@menulength=\count101
\Field@Width=\dimen124
\Fld@charsize=\dimen125
Package hyperref Info: Hyper figures OFF on input line 6295.
Package hyperref Info: Link nesting OFF on input line 6300.
Package hyperref Info: Hyper index ON on input line 6303.
Package hyperref Info: backreferencing OFF on input line 6310.
Package hyperref Info: Link coloring OFF on input line 6315.
Package hyperref Info: Link coloring with OCG OFF on input line 6320.
Package hyperref Info: PDF/A mode OFF on input line 6325.
LaTeX Info: Redefining \ref on input line 6365.
LaTeX Info: Redefining \pageref on input line 6369.
\Hy@abspage=\count102
\c@Item=\count103
\c@Hfootnote=\count104
)

Package hyperref Message: Driver (autodetected): hpdftex.

(/usr/share/texlive/texmf-dist/tex/latex/hyperref/hpdftex.def
File: hpdftex.def 2012/11/06 v6.83m Hyperref driver for pdfTeX
\Fld@listcount=\count105
\c@bookmark@seq@number=\count106

(/usr/share/texlive/texmf-dist/tex/latex/oberdiek/rerunfilecheck.sty
Package: rerunfilecheck 2011/04/15 v1.7 Rerun checks for auxiliary files (HO)
Package uniquecounter Info: New unique counter `rerunfilecheck' on input line 2
82.
)
\Hy@SectionHShift=\skip43
)

Package hyperref Warning: Option `pdftex' has already been used,
(hyperref)                setting the option has no effect on input line 32.

Package hyperref Info: Option `breaklinks' set `true' on input line 32.
Package hyperref Info: Option `colorlinks' set `true' on input line 32.
(./sensor.aux)
\openout1 = `sensor.aux'.

LaTeX Font Info:    Checking defaults for OML/cmm/m/it on input line 44.
LaTeX Font Info:    ... okay on input line 44.
LaTeX Font Info:    Checking defaults for T1/cmr/m/n on input line 44.
LaTeX Font Info:    ... okay on input line 44.
LaTeX Font Info:    Checking defaults for OT1/cmr/m/n on input line 44.
LaTeX Font Info:    ... okay on input line 44.
LaTeX Font Info:    Checking defaults for OMS/cmsy/m/n on input line 44.
LaTeX Font Info:    ... okay on input line 44.
LaTeX Font Info:    Checking defaults for OMX/cmex/m/n on input line 44.
LaTeX Font Info:    ... okay on input line 44.
LaTeX Font Info:    Checking defaults for U/cmr/m/n on input line 44.
LaTeX Font Info:    ... okay on input line 44.
LaTeX Font Info:    Checking defaults for PD1/pdf/m/n on input line 44.
LaTeX Font Info:    ... okay on input line 44.

*geometry* driver: auto-detecting
*geometry* detected driver: pdftex
*geometry* verbose mode - [ preamble ] result:
* driver: pdftex
* paper: letterpaper
* layout: <same size as paper>
* layoutoffset:(h,v)=(0.0pt,0.0pt)
* modes: 
* h-part:(L,W,R)=(54.2025pt, 505.89pt, 54.2025pt)
* v-part:(T,H,B)=(54.2025pt, 686.56499pt, 54.2025pt)
* \paperwidth=614.295pt
* \paperheight=794.96999pt
* \textwidth=505.89pt
* \textheight=686.56499pt
* \oddsidemargin=-18.06749pt
* \evensidemargin=-18.06749pt
* \topmargin=-55.06749pt
* \headheight=12.0pt
* \headsep=25.0pt
* \topskip=11.0pt
* \footskip=30.0pt
* \marginparwidth=59.0pt
* \marginparsep=10.0pt
* \columnsep=10.0pt
* \skip\footins=10.0pt plus 4.0pt minus 2.0pt
* \hoffset=0.0pt
* \voffset=0.0pt
* \mag=1000
* \@twocolumnfalse
* \@twosidefalse
* \@mparswitchfalse
* \@reversemarginfalse
* (1in=72.27pt=25.4mm, 1cm=28.453pt)

(/usr/share/texlive/texmf-dist/tex/context/base/supp-pdf.mkii
[Loading MPS to PDF converter (version 2006.09.02).]
\scratchcounter=\count107
\scratchdimen=\dimen126
\scratchbox=\box29
\nofMPsegments=\count108
\nofMParguments=\count109
\everyMPshowfont=\toks20
\MPscratchCnt=\count110
\MPscratchDim=\dimen127
\MPnumerator=\count111
\makeMPintoPDFobject=\count112
\everyMPtoPDFconversion=\toks21
) (/usr/share/texlive/texmf-dist/tex/latex/oberdiek/epstopdf-base.sty
Package: epstopdf-base 2010/02/09 v2.5 Base part for package epstopdf

(/usr/share/texlive/texmf-dist/tex/latex/oberdiek/grfext.sty
Package: grfext 2010/08/19 v1.1 Manage graphics extensions (HO)
)
Package grfext Info: Graphics extension search list:
(grfext)             [.png,.pdf,.jpg,.mps,.jpeg,.jbig2,.jb2,.PNG,.PDF,.JPG,.JPE
G,.JBIG2,.JB2,.eps]
(grfext)             \AppendGraphicsExtensions on input line 452.

(/usr/share/texlive/texmf-dist/tex/latex/latexconfig/epstopdf-sys.cfg
File: epstopdf-sys.cfg 2010/07/13 v1.3 Configuration of (r)epstopdf for TeX Liv
e
))
Package caption Info: Begin \AtBeginDocument code.
Package caption Info: float package is loaded.
Package caption Info: hyperref package is loaded.
Package caption Info: wrapfig package is loaded.
Package caption Info: End \AtBeginDocument code.
\AtBeginShipoutBox=\box30
Package hyperref Info: Link coloring ON on input line 44.

(/usr/share/texlive/texmf-dist/tex/latex/hyperref/nameref.sty
Package: nameref 2012/10/27 v2.43 Cross-referencing by name of section

(/usr/share/texlive/texmf-dist/tex/generic/oberdiek/gettitlestring.sty
Package: gettitlestring 2010/12/03 v1.4 Cleanup title references (HO)
)
\c@section@level=\count113
)
LaTeX Info: Redefining \ref on input line 44.
LaTeX Info: Redefining \pageref on input line 44.
LaTeX Info: Redefining \nameref on input line 44.

(./sensor.out) (./sensor.out)
\@outlinefile=\write3
\openout3 = `sensor.out'.

LaTeX Font Info:    Try loading font information for U+msa on input line 46.

(/usr/share/texlive/texmf-dist/tex/latex/amsfonts/umsa.fd
File: umsa.fd 2013/01/14 v3.01 AMS symbols A
)
LaTeX Font Info:    Try loading font information for U+msb on input line 46.

(/usr/share/texlive/texmf-dist/tex/latex/amsfonts/umsb.fd
File: umsb.fd 2013/01/14 v3.01 AMS symbols B
) [1

{/var/lib/texmf/fonts/map/pdftex/updmap/pdftex.map}]
<../figures/voltConversion.png, id=97, 438.8897pt x 320.69812pt>
File: ../figures/voltConversion.png Graphic file (type png)

<use ../figures/voltConversion.png>
Package pdftex.def Info: ../figures/voltConversion.png used on input line 75.
(pdftex.def)             Requested size: 252.94499pt x 184.8306pt.

<../figures/wrongTimePAR.png, id=100, 435.87843pt x 357.58594pt>
File: ../figures/wrongTimePAR.png Graphic file (type png)

<use ../figures/wrongTimePAR.png>
Package pdftex.def Info: ../figures/wrongTimePAR.png used on input line 87.
(pdftex.def)             Requested size: 215.00478pt x 176.38628pt.

<../figures/correctTimePAR.png, id=101, 435.87843pt x 357.58594pt>
File: ../figures/correctTimePAR.png Graphic file (type png)

<use ../figures/correctTimePAR.png>
Package pdftex.def Info: ../figures/correctTimePAR.png used on input line 93.
(pdftex.def)             Requested size: 215.00478pt x 176.38628pt.

Overfull \hbox (0.26344pt too wide) in paragraph at lines 82--99
 []\OT1/cmr/bx/n/10.95 Epoch con-ver-sion[] \OT1/cmr/m/n/10 The sim-ple time co
n-ver-sion task was com-pli-cated by the fact that the $\OML/cmm/m/it/10 result
[]time$
 []

[2 <../figures/voltConversion.png (PNG copy)>]
<../figures/box_volt_node.png, id=115, 456.20438pt x 301.125pt>
File: ../figures/box_volt_node.png Graphic file (type png)

<use ../figures/box_volt_node.png>
Package pdftex.def Info: ../figures/box_volt_node.png used on input line 108.
(pdftex.def)             Requested size: 227.64894pt x 150.25887pt.

<../figures/voltDate_2.png, id=116, 456.20438pt x 301.125pt>
File: ../figures/voltDate_2.png Graphic file (type png)

<use ../figures/voltDate_2.png>
Package pdftex.def Info: ../figures/voltDate_2.png used on input line 114.
(pdftex.def)             Requested size: 227.64894pt x 150.25887pt.

<../figures/voltDate_1.png, id=117, 456.20438pt x 301.125pt>
File: ../figures/voltDate_1.png Graphic file (type png)

<use ../figures/voltDate_1.png>
Package pdftex.def Info: ../figures/voltDate_1.png used on input line 121.
(pdftex.def)             Requested size: 227.64894pt x 150.25887pt.

<../figures/tempDate.png, id=118, 456.20438pt x 301.125pt>
File: ../figures/tempDate.png Graphic file (type png)

<use ../figures/tempDate.png>
Package pdftex.def Info: ../figures/tempDate.png used on input line 127.
(pdftex.def)             Requested size: 227.64894pt x 150.25887pt.


LaTeX Warning: `h' float specifier changed to `ht'.

<../figures/dataCleaning.png, id=120, 456.20438pt x 301.125pt>
File: ../figures/dataCleaning.png Graphic file (type png)

<use ../figures/dataCleaning.png>
Package pdftex.def Info: ../figures/dataCleaning.png used on input line 138.
(pdftex.def)             Requested size: 252.94499pt x 166.95633pt.
 [3 <../figures/wrongTimePAR.png (PNG copy)> <../figures/correctTimePAR.png (PN
G copy)>]
<../figures/distHeight.png, id=132, 456.20438pt x 301.125pt>
File: ../figures/distHeight.png Graphic file (type png)

<use ../figures/distHeight.png>
Package pdftex.def Info: ../figures/distHeight.png used on input line 151.
(pdftex.def)             Requested size: 252.94499pt x 166.95633pt.

<../figures/distDirec.png, id=133, 456.20438pt x 301.125pt>
File: ../figures/distDirec.png Graphic file (type png)

<use ../figures/distDirec.png>
Package pdftex.def Info: ../figures/distDirec.png used on input line 157.
(pdftex.def)             Requested size: 252.94499pt x 166.95633pt.

<../figures/lifeHeight.png, id=134, 677.53125pt x 301.125pt>
File: ../figures/lifeHeight.png Graphic file (type png)

<use ../figures/lifeHeight.png>
Package pdftex.def Info: ../figures/lifeHeight.png used on input line 164.
(pdftex.def)             Requested size: 505.89pt x 224.84612pt.
 [4 <../figures/box_volt_node.png (PNG copy)> <../figures/voltDate_2.png (PNG c
opy)> <../figures/voltDate_1.png (PNG copy)> <../figures/tempDate.png (PNG copy
)> <../figures/dataCleaning.png (PNG copy)>]
[5 <../figures/distHeight.png (PNG copy)> <../figures/distDirec.png (PNG copy)>
 <../figures/lifeHeight.png (PNG copy)>]
<../figures/comp111.png, id=148, 1053.9375pt x 752.8125pt>
File: ../figures/comp111.png Graphic file (type png)

<use ../figures/comp111.png>
Package pdftex.def Info: ../figures/comp111.png used on input line 180.
(pdftex.def)             Requested size: 505.89pt x 361.35738pt.

<../figures/avgTemporal.png, id=152, 1204.5pt x 752.8125pt>
File: ../figures/avgTemporal.png Graphic file (type png)

<use ../figures/avgTemporal.png>
Package pdftex.def Info: ../figures/avgTemporal.png used on input line 194.
(pdftex.def)             Requested size: 455.2979pt x 284.56693pt.
 [6 <../figures/comp111.png (PNG copy)>]
[7 <../figures/avgTemporal.png (PNG copy)>]
<../figures/tempTemporal.png, id=166, 903.375pt x 489.32813pt>
File: ../figures/tempTemporal.png Graphic file (type png)

<use ../figures/tempTemporal.png>
Package pdftex.def Info: ../figures/tempTemporal.png used on input line 213.
(pdftex.def)             Requested size: 455.31169pt x 212.47522pt.

<../figures/humidTemporal.png, id=167, 903.375pt x 489.32813pt>
File: ../figures/humidTemporal.png Graphic file (type png)

<use ../figures/humidTemporal.png>
Package pdftex.def Info: ../figures/humidTemporal.png used on input line 219.
(pdftex.def)             Requested size: 455.31169pt x 212.47522pt.


LaTeX Warning: `!h' float specifier changed to `!ht'.

[8 <../figures/tempTemporal.png (PNG copy)>]
<../figures/iparTemporal.png, id=177, 903.375pt x 489.32813pt>
File: ../figures/iparTemporal.png Graphic file (type png)

<use ../figures/iparTemporal.png>
Package pdftex.def Info: ../figures/iparTemporal.png used on input line 234.
(pdftex.def)             Requested size: 455.31169pt x 212.47522pt.

<../figures/rparTemporal.png, id=178, 903.375pt x 489.32813pt>
File: ../figures/rparTemporal.png Graphic file (type png)

<use ../figures/rparTemporal.png>
Package pdftex.def Info: ../figures/rparTemporal.png used on input line 240.
(pdftex.def)             Requested size: 455.31169pt x 212.47522pt.
 [9 <../figures/humidTemporal.png (PNG copy)> <../figures/iparTemporal.png (PNG
 copy)>]
<../figures/corrAll.png, id=187, 457.71pt x 362.85562pt>
File: ../figures/corrAll.png Graphic file (type png)

<use ../figures/corrAll.png>
Package pdftex.def Info: ../figures/corrAll.png used on input line 253.
(pdftex.def)             Requested size: 202.35675pt x 160.42104pt.

<../figures/corrSample.png, id=188, 457.71pt x 362.85562pt>
File: ../figures/corrSample.png Graphic file (type png)

<use ../figures/corrSample.png>
Package pdftex.def Info: ../figures/corrSample.png used on input line 258.
(pdftex.def)             Requested size: 202.35675pt x 160.42104pt.

<../figures/tmp.png, id=191, 602.25pt x 451.6875pt>
File: ../figures/tmp.png Graphic file (type png)
 <use ../figures/tmp.png>
Package pdftex.def Info: ../figures/tmp.png used on input line 268.
(pdftex.def)             Requested size: 404.71353pt x 303.5457pt.

<../figures/tempHumidHeightall.png, id=194, 457.71pt x 362.85562pt>
File: ../figures/tempHumidHeightall.png Graphic file (type png)

<use ../figures/tempHumidHeightall.png>
Package pdftex.def Info: ../figures/tempHumidHeightall.png used on input line 2
77.
(pdftex.def)             Requested size: 227.64894pt x 180.46951pt.

<../figures/tempHumidHeightday.png, id=195, 457.71pt x 362.85562pt>
File: ../figures/tempHumidHeightday.png Graphic file (type png)

<use ../figures/tempHumidHeightday.png>
Package pdftex.def Info: ../figures/tempHumidHeightday.png used on input line 2
83.
(pdftex.def)             Requested size: 227.64894pt x 180.46951pt.


LaTeX Warning: `!h' float specifier changed to `!ht'.

[10 <../figures/rparTemporal.png (PNG copy)> <../figures/corrAll.png (PNG copy)
> <../figures/corrSample.png (PNG copy)>] [11 <../figures/tmp.png (PNG copy)> <
../figures/tempHumidHeightall.png (PNG copy)> <../figures/tempHumidHeightday.pn
g (PNG copy)>] (./sensor.bbl)
Package atveryend Info: Empty hook `BeforeClearDocument' on input line 305.
 [12]
Package atveryend Info: Empty hook `AfterLastShipout' on input line 305.
 (./sensor.aux)
Package atveryend Info: Executing hook `AtVeryEndDocument' on input line 305.
Package atveryend Info: Executing hook `AtEndAfterFileList' on input line 305.
Package rerunfilecheck Info: File `sensor.out' has not changed.
(rerunfilecheck)             Checksum: A8F283B6BEB42C0B8E538E3139085823;1250.
Package atveryend Info: Empty hook `AtVeryVeryEnd' on input line 305.
 ) 
Here is how much of TeX's memory you used:
 7436 strings out of 494985
 113870 string characters out of 6180356
 290670 words of memory out of 5000000
 10500 multiletter control sequences out of 15000+600000
 14388 words of font info for 56 fonts, out of 8000000 for 9000
 36 hyphenation exceptions out of 8191
 42i,9n,40p,1198b,490s stack positions out of 5000i,500n,10000p,200000b,80000s
</usr/share/texlive/texmf-dist/fonts/type1/public/amsfonts/cm/cmbx10.pfb></us
r/share/texlive/texmf-dist/fonts/type1/public/amsfonts/cm/cmbx12.pfb></usr/shar
e/texlive/texmf-dist/fonts/type1/public/amsfonts/cm/cmmi10.pfb></usr/share/texl
ive/texmf-dist/fonts/type1/public/amsfonts/cm/cmr10.pfb></usr/share/texlive/tex
mf-dist/fonts/type1/public/amsfonts/cm/cmr12.pfb></usr/share/texlive/texmf-dist
/fonts/type1/public/amsfonts/cm/cmr17.pfb></usr/share/texlive/texmf-dist/fonts/
type1/public/amsfonts/cm/cmr7.pfb></usr/share/texlive/texmf-dist/fonts/type1/pu
blic/amsfonts/cm/cmti10.pfb></usr/share/texlive/texmf-dist/fonts/type1/public/a
msfonts/cm/cmtt10.pfb></usr/share/texlive/texmf-dist/fonts/type1/public/amsfont
s/cm/cmtt12.pfb>
Output written on sensor.pdf (12 pages, 2887449 bytes).
PDF statistics:
 268 PDF objects out of 1000 (max. 8388607)
 219 compressed objects within 3 object streams
 52 named destinations out of 1000 (max. 500000)
 263 words of extra memory for PDF output out of 10000 (max. 10000000)

